15,18d14
< func jozko(){
<     return
< }
< 
20,21c16
<     id := 1+3
<     id1 := 0
---
>     id = 1+3
27,37d21
< Struktura binarniho stromu:
< 
<   +-[11467; 'jozko',]
<      |
<      +-[9204; 'main',]
<         |
<         +-[4058; 'id',]
<            |
<            +-[1886; 'id1',]
< 
< =================================================
47,51d30
< func jozko(id int){
<     return
< }
< 
< 
53,54c32
<     id := 1+3
<     id1 := 0
---
>     id = 1+3
60,70d37
< Struktura binarniho stromu:
< 
<   +-[11467; 'jozko',]
<      |
<      +-[9204; 'main',]
<         |
<         +-[4058; 'id',]
<            |
<            +-[1886; 'id1',]
< 
< =================================================
80,85d46
< func jozko(){
<     return
< }
< 
< 
< 
87,90d47
<     id := 0
<     id1 := 0
<     id2 := 0
<     id3 := 0
97,111d53
< Struktura binarniho stromu:
< 
<   +-[11467; 'jozko',]
<      |
<      +-[9204; 'main',]
<         |
<         +-[4058; 'id',]
<            |
<            |     +-[1888; 'id3',]
<            |     |
<            |  +-[1887; 'id2',]
<            |  |
<            +-[1886; 'id1',]
< 
< =================================================
121,126d62
< 
< func jozko(){
<     return
< }
< 
< 
128,131d63
<     id := 0
<     id1 := 0
<     id2 := 0
<     id3 := 0
138,152d69
< Struktura binarniho stromu:
< 
<   +-[11467; 'jozko',]
<      |
<      +-[9204; 'main',]
<         |
<         +-[4058; 'id',]
<            |
<            |     +-[1888; 'id3',]
<            |     |
<            |  +-[1887; 'id2',]
<            |  |
<            +-[1886; 'id1',]
< 
< =================================================
162,167d78
< func jozko(a int,b int,c int){
<     return
< }
< 
< 
< 
169,172d79
<     id := 0
<     id1 := 0
<     id2 := 0
<     id3 := 0
179,193d85
< Struktura binarniho stromu:
< 
<   +-[11467; 'jozko',]
<      |
<      +-[9204; 'main',]
<         |
<         +-[4058; 'id',]
<            |
<            |     +-[1888; 'id3',]
<            |     |
<            |  +-[1887; 'id2',]
<            |  |
<            +-[1886; 'id1',]
< 
< =================================================
203,209d94
< 
< func jozko(){
<     return
< }
< 
< 
< 
211,216d95
<     id := 0
<     id1 := 0
<     id2 := 0
<     id3 := 0
<     id5 := 0
<     kokotina := 0
223,241d101
< Struktura binarniho stromu:
< 
<   +-[11467; 'jozko',]
<      |
<      +-[9204; 'main',]
<         |
<         |  +-[5539; 'kokotina',]
<         |  |
<         +-[4058; 'id',]
<            |
<            |        +-[1890; 'id5',]
<            |        |
<            |     +-[1888; 'id3',]
<            |     |
<            |  +-[1887; 'id2',]
<            |  |
<            +-[1886; 'id1',]
< 
< =================================================
251,255d110
< 
< func jozko(a int , b int ){
<     return 
< }
< 
257,263d111
<     id := 0
<     id1 := 0
<     id2 := 0
<     id3 := 0
<     jebem := 0
<     kokot := 0 
<     po := 0   
271,291d118
< Struktura binarniho stromu:
< 
<   +-[11467; 'jozko',]
<      |
<      |  +-[9985; 'jebem',]
<      |  |
<      +-[9204; 'main',]
<         |
<         |  +-[4504; 'kokot',]
<         |  |  |
<         |  |  +-[4300; 'po',]
<         |  |
<         +-[4058; 'id',]
<            |
<            |     +-[1888; 'id3',]
<            |     |
<            |  +-[1887; 'id2',]
<            |  |
<            +-[1886; 'id1',]
< 
< =================================================
301,306d127
< 
< func jozko(a int , b int ){
<     return
< }
< 
< 
308,316d128
<     id := 0
<     id1 := 0
<     id2 := 0
<     id3 := 0
<     id5 := 0
<     jebem := 0
<     po := 0
<     kokot := 0
<     chod_dpc := 0
324,348d135
< Struktura binarniho stromu:
< 
<   +-[11467; 'jozko',]
<      |
<      |  +-[9985; 'jebem',]
<      |  |
<      +-[9204; 'main',]
<         |
<         |        +-[7734; 'chod_dpc',]
<         |        |
<         |     +-[4504; 'kokot',]
<         |     |
<         |  +-[4300; 'po',]
<         |  |
<         +-[4058; 'id',]
<            |
<            |        +-[1890; 'id5',]
<            |        |
<            |     +-[1888; 'id3',]
<            |     |
<            |  +-[1887; 'id2',]
<            |  |
<            +-[1886; 'id1',]
< 
< =================================================
359,360c146,147
< func mak () {
< 	for a:=0;a==0;a=a+2 {
---
> func main () {
> 	for a:=0;a==0;a=2 {
364,367d150
< func main() {
< 
< }
< 
370,377c153
< Struktura binarniho stromu:
< 
<      +-[9572; 'a',]
<      |
<   +-[6201; 'mak',]
< 
< =================================================
< EXIT CODE JE : --------------------------------------------------------------------3
---
> EXIT CODE JE : --------------------------------------------------------------------0
395,401d170
< Struktura binarniho stromu:
< 
<   +-[9204; 'main',]
<      |
<      +-[3801; 'ak',]
< 
< =================================================
411,412c180
<     as := 0
<     for a := 3+1 ;a<5; {
---
>     for a := 3+1 ;s<5; {
415c183
<             for  ;as<5; {
---
>             for  ;s<5; {
420,421d187
<     sa := 0
<     for  ;sa<5; {
423,427c189
<     }
< }
< 
< 
< func main (){
---
>     for  ;s<5; {
428a191
>     }
433,442c196
< Struktura binarniho stromu:
< 
<      +-[9572; 'a',]
<      |
<   +-[6201; 'mak',]
<      |
<      +-[3809; 'as',]
< 
< =================================================
< EXIT CODE JE : --------------------------------------------------------------------3
---
> EXIT CODE JE : --------------------------------------------------------------------0
451d204
<     a := 0
471,473d223
< func main(){
< 
< }
477,484c227
< Struktura binarniho stromu:
< 
<      +-[9572; 'a',]
<      |
<   +-[6201; 'mak',]
< 
< =================================================
< EXIT CODE JE : --------------------------------------------------------------------3
---
> EXIT CODE JE : --------------------------------------------------------------------0
493c236
<     return 
---
>     
497c240
<     return
---
>     
500,502d242
< func main(){
< 
< }
506,514d245
< Struktura binarniho stromu:
< 
<      +-[9204; 'main',]
<      |
<   +-[6201; 'mak',]
<      |
<      +-[4689; 'brasko',]
< 
< =================================================
523,536d253
< 
< func ferovi (abc int) {
< 
< }
< func kuruje (a int, b int,c int,d int) {
< 
< }
< func na (skap int) {
< 
< }
< func hlavu () {
< 
< }
< 
548,551d264
< func main(){
< 
< }
< 
554,568d266
< Struktura binarniho stromu:
< 
<      +-[10925; 'kuruje',]
<      |  |
<      |  |  +-[9204; 'main',]
<      |  |  |
<      |  +-[6201; 'mak',]
<      |
<   +-[5590; 'ferovi',]
<      |
<      +-[4220; 'na',]
<         |
<         +-[2414; 'hlavu',]
< 
< =================================================
579,583d276
<     sa = 5
< 
< }
< 
< func main(){
589,597d281
< Struktura binarniho stromu:
< 
<         +-[9204; 'main',]
<         |
<      +-[7321; 'skap',]
<      |
<   +-[6201; 'mak',]
< 
< =================================================
606,611d289
< 
< func love(){
< 
< }
< 
< 
613,618d290
<     kapn := 0
<     kap := 0
<     coconut := 0
<     gadze := 0
<     neminaju := 0
< 
625,627d296
< func main(){
< 
< }
631,649d299
< Struktura binarniho stromu:
< 
<         +-[9603; 'kapn',]
<         |  |
<         |  |     +-[9493; 'gadze',]
<         |  |     |  |
<         |  |     |  |  +-[9204; 'main',]
<         |  |     |  |  |
<         |  |     |  +-[7926; 'neminaju',]
<         |  |     |
<         |  |  +-[6214; 'coconut',]
<         |  |  |
<         |  +-[4028; 'kap',]
<         |
<      +-[3568; 'kobylamamalybok',]
<      |
<   +-[940; 'love',]
< 
< =================================================
668c318
<     if a==1 {
---
>     if 1==1 {
673c323
<     return mazurek
---
>     return 
677,686c327
< Struktura binarniho stromu:
< 
<      +-[8664; 'harabinik',]
<      |
<   +-[3880; 'mazurcek',]
<      |
<      +-[3852; 'kotlebovec',]
< 
< =================================================
< EXIT CODE JE : --------------------------------------------------------------------3
---
> EXIT CODE JE : --------------------------------------------------------------------0
702c343,344
< func kotlebovec (mazurcek2 int, kotlebik2 int) {
---
> func kotlebovec (mazurek string, a int) {
>     
705d346
<     a := 0
707,708c348
<             mazurcek := 0
<             kotlebik := 0
---
>         
710a351
>             mazurcek3, kotlebik3 = 143, 883
722,726d362
< 
< func main(){
< 
< }
< 
729,736c365
< Struktura binarniho stromu:
< 
<      +-[9572; 'a',]
<      |
<   +-[3852; 'kotlebovec',]
< 
< =================================================
< EXIT CODE JE : --------------------------------------------------------------------3
---
> EXIT CODE JE : --------------------------------------------------------------------0
747,749c376,378
< func kotlebovec (mazurcek int, a int) {
<     if a==1 {
<         if a < 7 {
---
> func kotlebovec (mazurek string, a int) {
>     if 1==1 {
>         if 6 < 7 {
764,767d392
< func main (){
< 
< }
< 
770,775c395
< Struktura binarniho stromu:
< 
<   +-[3852; 'kotlebovec',]
< 
< =================================================
< EXIT CODE JE : --------------------------------------------------------------------3
---
> EXIT CODE JE : --------------------------------------------------------------------0
784,785c404,405
< func mamtodobre (mazurek int) (string, string, string) {
<     if mazurek==1 {
---
> func mamtodobre (mazurek string) (string, string, string) {
>     if 1==1 {
792d411
<         ss := 0
795,801d413
<     ko := 0
<     tle := 2
<     bik := 1
<     return ko, tle, bik
< }
< 
< func main (){
802a415
>     return ko, tle, bik
807,812c420
< Struktura binarniho stromu:
< 
<   +-[11718; 'mamtodobre',]
< 
< =================================================
< EXIT CODE JE : --------------------------------------------------------------------3
---
> EXIT CODE JE : --------------------------------------------------------------------0
822,825d429
<     kokot := 0
<     pica := 0
<     u := 0
<     holica := 0
834,836d437
< func main (){
< 
< }
840,853c441
< Struktura binarniho stromu:
< 
<   +-[11718; 'mamtodobre',]
<      |
<      |     +-[9592; 'u',]
<      |     |
<      |  +-[5446; 'pica',]
<      |  |
<      +-[4504; 'kokot',]
<         |
<         +-[1018; 'holica',]
< 
< =================================================
< EXIT CODE JE : --------------------------------------------------------------------3
---
> EXIT CODE JE : --------------------------------------------------------------------0
872,873c460
<     a := 1
<     id := a+
---
>     id = a+
879,888c466
< Struktura binarniho stromu:
< 
<      +-[9572; 'a',]
<      |
<   +-[9204; 'main',]
<      |
<      +-[4058; 'id',]
< 
< =================================================
< EXIT CODE JE : --------------------------------------------------------------------3
---
> EXIT CODE JE : --------------------------------------------------------------------2
898,899d475
<     id := 0
<     a := 1
906,915c482
< Struktura binarniho stromu:
< 
<      +-[9572; 'a',]
<      |
<   +-[9204; 'main',]
<      |
<      +-[4058; 'id',]
< 
< =================================================
< EXIT CODE JE : --------------------------------------------------------------------3
---
> EXIT CODE JE : --------------------------------------------------------------------2
925,926c492
<     id := a+2
<     id1 := 0
---
>     id = a+2
932,939c498
< Struktura binarniho stromu:
< 
<   +-[9204; 'main',]
<      |
<      +-[4058; 'id',]
< 
< =================================================
< EXIT CODE JE : --------------------------------------------------------------------3
---
> EXIT CODE JE : --------------------------------------------------------------------2
949,950c508
<     id := a+2
<     id1 := 0
---
>     id = a+2
958,965c516
< Struktura binarniho stromu:
< 
<   +-[9204; 'main',]
<      |
<      +-[4058; 'id',]
< 
< =================================================
< EXIT CODE JE : --------------------------------------------------------------------3
---
> EXIT CODE JE : --------------------------------------------------------------------2
975,976c526
<     id := a+2
<     id1 := 0
---
>     id = a+2
983,990c533
< Struktura binarniho stromu:
< 
<   +-[9204; 'main',]
<      |
<      +-[4058; 'id',]
< 
< =================================================
< EXIT CODE JE : --------------------------------------------------------------------3
---
> EXIT CODE JE : --------------------------------------------------------------------2
1000,1001c543
<     id := a+2
<     id1 := 0
---
>     id = a+2
1007,1014c549
< Struktura binarniho stromu:
< 
<   +-[9204; 'main',]
<      |
<      +-[4058; 'id',]
< 
< =================================================
< EXIT CODE JE : --------------------------------------------------------------------3
---
> EXIT CODE JE : --------------------------------------------------------------------2
1023,1028d557
< func jozko(){
<     return
< }
< 
< 
< 
1030,1033d558
<     id := 0
<     id1 := 0
<     kkt := 0
<     a := 0
1040,1054d564
< Struktura binarniho stromu:
< 
<   +-[11467; 'jozko',]
<      |
<      |  +-[9572; 'a',]
<      |  |
<      +-[9204; 'main',]
<         |
<         |  +-[4362; 'kkt',]
<         |  |
<         +-[4058; 'id',]
<            |
<            +-[1886; 'id1',]
< 
< =================================================
1064,1068d573
< 
< func jozko(){
<     return
< }
< 
1070,1073d574
<     id := 0
<     id1 := 0
<     kkt := 0
<     a := 0
1080,1095c581
< Struktura binarniho stromu:
< 
<   +-[11467; 'jozko',]
<      |
<      |  +-[9572; 'a',]
<      |  |
<      +-[9204; 'main',]
<         |
<         |  +-[4362; 'kkt',]
<         |  |
<         +-[4058; 'id',]
<            |
<            +-[1886; 'id1',]
< 
< =================================================
< EXIT CODE JE : --------------------------------------------------------------------3
---
> EXIT CODE JE : --------------------------------------------------------------------2
1104,1108d589
< func jozko(){
<     return
< }
< 
< 
1110,1113d590
<     id := 0
<     id1 := 0
<     kkt := 0
<     a := 0
1120,1134d596
< Struktura binarniho stromu:
< 
<   +-[11467; 'jozko',]
<      |
<      |  +-[9572; 'a',]
<      |  |
<      +-[9204; 'main',]
<         |
<         |  +-[4362; 'kkt',]
<         |  |
<         +-[4058; 'id',]
<            |
<            +-[1886; 'id1',]
< 
< =================================================
1144,1148d605
< func jozko(){
<     return
< }
< 
< 
1150,1153d606
<     id := 0
<     id1 := 0
<     kkt := 0
<     a := 0
1160,1175c613
< Struktura binarniho stromu:
< 
<   +-[11467; 'jozko',]
<      |
<      |  +-[9572; 'a',]
<      |  |
<      +-[9204; 'main',]
<         |
<         |  +-[4362; 'kkt',]
<         |  |
<         +-[4058; 'id',]
<            |
<            +-[1886; 'id1',]
< 
< =================================================
< EXIT CODE JE : --------------------------------------------------------------------3
---
> EXIT CODE JE : --------------------------------------------------------------------2
1184,1188d621
< func jozko(){
<     return
< }
< 
< 
1190,1193d622
<     id := 0
<     id1 := 0
<     kkt := 0
<     a := 0
1200,1215c629
< Struktura binarniho stromu:
< 
<   +-[11467; 'jozko',]
<      |
<      |  +-[9572; 'a',]
<      |  |
<      +-[9204; 'main',]
<         |
<         |  +-[4362; 'kkt',]
<         |  |
<         +-[4058; 'id',]
<            |
<            +-[1886; 'id1',]
< 
< =================================================
< EXIT CODE JE : --------------------------------------------------------------------3
---
> EXIT CODE JE : --------------------------------------------------------------------2
1224,1228d637
< 
< func jozko(){
<     return
< }
< 
1230,1233d638
<     id := 0
<     id1 := 0
<     kkt := 0
<     a := 0
1240,1255c645
< Struktura binarniho stromu:
< 
<   +-[11467; 'jozko',]
<      |
<      |  +-[9572; 'a',]
<      |  |
<      +-[9204; 'main',]
<         |
<         |  +-[4362; 'kkt',]
<         |  |
<         +-[4058; 'id',]
<            |
<            +-[1886; 'id1',]
< 
< =================================================
< EXIT CODE JE : --------------------------------------------------------------------3
---
> EXIT CODE JE : --------------------------------------------------------------------2
1264,1267d653
< func jozko(){
<     return
< }
< 
1269,1272d654
<     id := 0
<     id1 := 0
<     kkt := 0
<     a := 0
1279,1294c661
< Struktura binarniho stromu:
< 
<   +-[11467; 'jozko',]
<      |
<      |  +-[9572; 'a',]
<      |  |
<      +-[9204; 'main',]
<         |
<         |  +-[4362; 'kkt',]
<         |  |
<         +-[4058; 'id',]
<            |
<            +-[1886; 'id1',]
< 
< =================================================
< EXIT CODE JE : --------------------------------------------------------------------3
---
> EXIT CODE JE : --------------------------------------------------------------------2
1303,1308d669
< func jozko(){
<     return
< }
< 
< 
< 
1310,1314d670
<     id := 0
<     id1 := 0
<     kkt := 0
<     a := 0
<     jebol_to := 0
1321,1338c677
< Struktura binarniho stromu:
< 
<   +-[11467; 'jozko',]
<      |
<      |  +-[9572; 'a',]
<      |  |
<      +-[9204; 'main',]
<         |
<         |     +-[6780; 'jebol_to',]
<         |     |
<         |  +-[4362; 'kkt',]
<         |  |
<         +-[4058; 'id',]
<            |
<            +-[1886; 'id1',]
< 
< =================================================
< EXIT CODE JE : --------------------------------------------------------------------3
---
> EXIT CODE JE : --------------------------------------------------------------------2
1349,1353d687
< Struktura binarniho stromu:
< 
< strom je prazdny
< 
< =================================================
1364,1367d697
< func main(){
< 
< }
< 
1370,1374d699
< Struktura binarniho stromu:
< 
<   +-[6201; 'mak',]
< 
< =================================================
1385,1386c710
<     a:= 0
<     b:= 0
---
> 
1398,1401d721
< func main(){
< 
< }
< 
1404,1413c724
< Struktura binarniho stromu:
< 
<         +-[9573; 'b',]
<         |
<      +-[9572; 'a',]
<      |
<   +-[529; 'kotlebik',]
< 
< =================================================
< EXIT CODE JE : --------------------------------------------------------------------3
---
> EXIT CODE JE : --------------------------------------------------------------------2
1424,1425c735
<     a := 0
<     b := 0
---
> 
1434,1437d743
< func main(){
< 
< }
< 
1440,1449c746
< Struktura binarniho stromu:
< 
<         +-[9573; 'b',]
<         |
<      +-[9572; 'a',]
<      |
<   +-[529; 'kotlebik',]
< 
< =================================================
< EXIT CODE JE : --------------------------------------------------------------------3
---
> EXIT CODE JE : --------------------------------------------------------------------2
1460,1461c757
<     a := 0
<     b := 0
---
> 
1471,1473d766
< func main(){
< 
< }
1477,1485d769
< Struktura binarniho stromu:
< 
<         +-[9573; 'b',]
<         |
<      +-[9572; 'a',]
<      |
<   +-[529; 'kotlebik',]
< 
< =================================================
1497,1501c781
<     id := 1+1 id = 1
< }
< 
< func main(){
< 
---
>     id := 1+1 jozko = 1
1506,1512d785
< Struktura binarniho stromu:
< 
<   +-[11051; 'foo',]
<      |
<      +-[4058; 'id',]
< 
< =================================================
1526,1529c799
<     id = 1
< }
< func main(){
< 
---
>     jozko = 1
1534,1540d803
< Struktura binarniho stromu:
< 
<   +-[11051; 'foo',]
<      |
<      +-[4058; 'id',]
< 
< =================================================
1554,1557c817
<     id = 1
< }
< func main(){
< 
---
>     jozko = 1
1562,1566d821
< Struktura binarniho stromu:
< 
<   +-[11051; 'foo',]
< 
< =================================================
1581,1585d835
< Struktura binarniho stromu:
< 
< strom je prazdny
< 
< =================================================
1599,1603d848
< Struktura binarniho stromu:
< 
<   +-[9204; 'main',]
< 
< =================================================
1621,1627d865
< Struktura binarniho stromu:
< 
<   +-[9204; 'main',]
<      |
<      +-[7321; 'skap',]
< 
< =================================================
1646,1650d883
< Struktura binarniho stromu:
< 
< strom je prazdny
< 
< =================================================
1669,1673d901
< Struktura binarniho stromu:
< 
< strom je prazdny
< 
< =================================================
1691,1697d918
< Struktura binarniho stromu:
< 
<   +-[9204; 'main',]
<      |
<      +-[7321; 'skap',]
< 
< =================================================
1716,1720d936
< Struktura binarniho stromu:
< 
<   +-[9204; 'main',]
< 
< =================================================
1738,1742d953
< Struktura binarniho stromu:
< 
<   +-[9204; 'main',]
< 
< =================================================
1758,1760d968
< func main(){
< 
< }
1764,1768d971
< Struktura binarniho stromu:
< 
<   +-[11051; 'foo',]
< 
< =================================================
1784,1786d986
< func main(){
< 
< }
1790,1794d989
< Struktura binarniho stromu:
< 
<   +-[11051; 'foo',]
< 
< =================================================
1810,1813d1004
< func main(){
< 
< }
< 
1816,1820d1006
< Struktura binarniho stromu:
< 
<   +-[11051; 'foo',]
< 
< =================================================
1836,1839d1021
< func main(){
< 
< }
< 
1842,1846d1023
< Struktura binarniho stromu:
< 
<   +-[11051; 'foo',]
< 
< =================================================
1862,1865d1038
< func main(){
< 
< }
< 
1868,1872d1040
< Struktura binarniho stromu:
< 
<   +-[11051; 'foo',]
< 
< =================================================
1887,1889d1054
< func main(){
< 
< }
1893,1897d1057
< Struktura binarniho stromu:
< 
<   +-[11051; 'foo',]
< 
< =================================================
1912,1914d1071
< func main(){
< 
< }
1918,1922d1074
< Struktura binarniho stromu:
< 
<   +-[11051; 'foo',]
< 
< =================================================
1937,1939d1088
< func main(){
< 
< }
1943,1947d1091
< Struktura binarniho stromu:
< 
<   +-[11051; 'foo',]
< 
< =================================================
1959,1962c1103
< func main(){
< 
< }
< 
---
>     
1965,1971d1105
< Struktura binarniho stromu:
< 
<   +-[11051; 'foo',]
<      |
<      +-[1250; 'jozo',]
< 
< =================================================
1982,1984d1115
< func main(){
< 
< }
1988,1992d1118
< Struktura binarniho stromu:
< 
<   +-[11051; 'foo',]
< 
< =================================================
2002,2004d1127
< func madar (){
<     
< }
2012,2015d1134
< func main(){
< 
< }
< 
2018,2024d1136
< Struktura binarniho stromu:
< 
<      +-[11051; 'foo',]
<      |
<   +-[4056; 'madar',]
< 
< =================================================
2040,2043d1151
< func main(){
< 
< }
< 
2046,2050d1153
< Struktura binarniho stromu:
< 
<   +-[11051; 'foo',]
< 
< =================================================
2060,2062d1162
< func madar(jozko int){
< 
< }
2069,2072d1168
< func main(){
< 
< }
< 
2075,2081d1170
< Struktura binarniho stromu:
< 
<      +-[11051; 'foo',]
<      |
<   +-[4056; 'madar',]
< 
< =================================================
2090d1178
< func madar(jozko int, zdenko int){
2092d1179
< }
2099,2102d1185
< func main(){
< 
< }
< 
2105,2111d1187
< Struktura binarniho stromu:
< 
<      +-[11051; 'foo',]
<      |
<   +-[4056; 'madar',]
< 
< =================================================
2121,2123d1196
< func madar(a int,b int, c int){
< 
< }
2130,2133d1202
< func main(){
< 
< }
< 
2136,2142d1204
< Struktura binarniho stromu:
< 
<      +-[11051; 'foo',]
<      |
<   +-[4056; 'madar',]
< 
< =================================================
2152,2154d1213
< func madar(a int,b int, c int){
< 
< }
2161,2164d1219
< func main(){
< 
< }
< 
2167,2173d1221
< Struktura binarniho stromu:
< 
<      +-[11051; 'foo',]
<      |
<   +-[4056; 'madar',]
< 
< =================================================
2183,2186d1230
< func madar (a int, b int ,c int){
< 
< }
< 
2191,2194d1234
< func main(){
< 
< }
< 
2197,2203d1236
< Struktura binarniho stromu:
< 
<      +-[11051; 'foo',]
<      |
<   +-[4056; 'madar',]
< 
< =================================================
2221,2224d1253
< func main(){
< 
< }
< 
2227,2231d1255
< Struktura binarniho stromu:
< 
<   +-[11051; 'foo',]
< 
< =================================================
2249,2252d1272
< func main(){
< 
< }
< 
2255,2261d1274
< Struktura binarniho stromu:
< 
<   +-[11051; 'foo',]
<      |
<      +-[9572; 'a',]
< 
< =================================================
2278,2280d1290
< func main(){
< 
< }
2284,2290d1293
< Struktura binarniho stromu:
< 
<   +-[11051; 'foo',]
<      |
<      +-[9572; 'a',]
< 
< =================================================
2307,2309d1309
< func main(){
< 
< }
2313,2319d1312
< Struktura binarniho stromu:
< 
<   +-[11051; 'foo',]
<      |
<      +-[9572; 'a',]
< 
< =================================================
2336,2338d1328
< func main(){
< 
< }
2342,2348d1331
< Struktura binarniho stromu:
< 
<   +-[11051; 'foo',]
<      |
<      +-[9572; 'a',]
< 
< =================================================
2365,2367d1347
< func main(){
< 
< }
2371,2377d1350
< Struktura binarniho stromu:
< 
<   +-[11051; 'foo',]
<      |
<      +-[9572; 'a',]
< 
< =================================================
2392,2394d1364
< func main(){
< 
< }
2398,2404d1367
< Struktura binarniho stromu:
< 
<   +-[11051; 'foo',]
<      |
<      +-[9572; 'a',]
< 
< =================================================
2419,2422c1382
< func main(){
< 
< }
< 
---
>     
2425,2431d1384
< Struktura binarniho stromu:
< 
<   +-[11051; 'foo',]
<      |
<      +-[9572; 'a',]
< 
< =================================================
2450,2452d1402
< func main(){
< 
< }
2456,2462d1405
< Struktura binarniho stromu:
< 
<   +-[11051; 'foo',]
<      |
<      +-[9572; 'a',]
< 
< =================================================
2481,2483d1423
< func main(){
< 
< }
2487,2495d1426
< Struktura binarniho stromu:
< 
<   +-[11051; 'foo',]
<      |
<      |  +-[9573; 'b',]
<      |  |
<      +-[9572; 'a',]
< 
< =================================================
2514,2516d1444
< func main(){
< 
< }
2520,2528d1447
< Struktura binarniho stromu:
< 
<   +-[11051; 'foo',]
<      |
<      |  +-[9573; 'b',]
<      |  |
<      +-[9572; 'a',]
< 
< =================================================
2545,2547d1463
< func main(){
< 
< }
2551,2559d1466
< Struktura binarniho stromu:
< 
<   +-[11051; 'foo',]
<      |
<      |  +-[9573; 'b',]
<      |  |
<      +-[9572; 'a',]
< 
< =================================================
2578,2580d1484
< func main(){
< 
< }
2584,2592d1487
< Struktura binarniho stromu:
< 
<   +-[11051; 'foo',]
<      |
<      |  +-[9573; 'b',]
<      |  |
<      +-[9572; 'a',]
< 
< =================================================
2612,2615d1506
< func main(){
< 
< }
< 
2618,2626d1508
< Struktura binarniho stromu:
< 
<   +-[11051; 'foo',]
<      |
<      |  +-[9573; 'b',]
<      |  |
<      +-[9572; 'a',]
< 
< =================================================
2642,2643c1524,1525
<     for b := 1
<     ; 1 < 3; b = 1{
---
>     for a := 1
>     ; 1 < 3; a = 1{
2648,2651d1529
< func main(){
< 
< }
< 
2654,2662d1531
< Struktura binarniho stromu:
< 
<   +-[11051; 'foo',]
<      |
<      |  +-[9573; 'b',]
<      |  |
<      +-[9572; 'a',]
< 
< =================================================
2678c1547
<     for b := 1; 1 < 3; b = 1
---
>     for a := 1; 1 < 3; a = 1
2684,2687d1552
< func main(){
< 
< }
< 
2690,2698d1554
< Struktura binarniho stromu:
< 
<   +-[11051; 'foo',]
<      |
<      |  +-[9573; 'b',]
<      |  |
<      +-[9572; 'a',]
< 
< =================================================
2714,2715c1570,1571
<     for b := 1; 
<     1 < 3; b = 1{
---
>     for a := 1; 
>     1 < 3; a = 1{
2719,2721d1574
< func main(){
< 
< }
2725,2733d1577
< Struktura binarniho stromu:
< 
<   +-[11051; 'foo',]
<      |
<      |  +-[9573; 'b',]
<      |  |
<      +-[9572; 'a',]
< 
< =================================================
2750c1594
<     b := 1; 1 < 3; b = 1{
---
>     a := 1; 1 < 3; a = 1{
2754,2756d1597
< func main(){
< 
< }
2760,2766d1600
< Struktura binarniho stromu:
< 
<   +-[11051; 'foo',]
<      |
<      +-[9572; 'a',]
< 
< =================================================
2782c1616
<     for b := 1; 1 < 3; b = 1
---
>     for a := 1; 1 < 3; a = 1
2788,2791d1621
< func main(){
< 
< }
< 
2794,2802d1623
< Struktura binarniho stromu:
< 
<   +-[11051; 'foo',]
<      |
<      |  +-[9573; 'b',]
<      |  |
<      +-[9572; 'a',]
< 
< =================================================
2818,2819c1639,1640
<     for b := 1; 1 < 3; 
<     b = 1{
---
>     for a := 1; 1 < 3; 
>     a = 1{
2824,2827d1644
< func main(){
< 
< }
< 
2830,2838d1646
< Struktura binarniho stromu:
< 
<   +-[11051; 'foo',]
<      |
<      |  +-[9573; 'b',]
<      |  |
<      +-[9572; 'a',]
< 
< =================================================
2854,2858c1662
<     for b := 1; 1 < 3; b = 1{ }  
< }
< 
< func main(){
< 
---
>     for a := 1; 1 < 3; a = 1{ }  
2863,2871d1666
< Struktura binarniho stromu:
< 
<   +-[11051; 'foo',]
<      |
<      |  +-[9573; 'b',]
<      |  |
<      +-[9572; 'a',]
< 
< =================================================
2887,2888c1682,1683
<     for b := 1; 1 < 3
<     ; b = 1{
---
>     for a := 1; 1 < 3
>     ; a = 1{
2892,2894d1686
< func main(){
< 
< }
2898,2906d1689
< Struktura binarniho stromu:
< 
<   +-[11051; 'foo',]
<      |
<      |  +-[9573; 'b',]
<      |  |
<      +-[9572; 'a',]
< 
< =================================================
2918,2919d1700
<     id1 := 0
<     id2 := 0
2923,2925d1703
< func main(){
< 
< }
2929,2937d1706
< Struktura binarniho stromu:
< 
<   +-[11051; 'foo',]
<      |
<      |  +-[1887; 'id2',]
<      |  |
<      +-[1886; 'id1',]
< 
< =================================================
2949,2950d1717
<     id1 := 0
<     id2 := 0
2954,2956d1720
< func main(){
< 
< }
2960,2968d1723
< Struktura binarniho stromu:
< 
<   +-[11051; 'foo',]
<      |
<      |  +-[1887; 'id2',]
<      |  |
<      +-[1886; 'id1',]
< 
< =================================================
2980,2981d1734
<     id1 := 0
<     id2 := 0
2986,2989d1738
< func main(){
< 
< }
< 
2992,3000d1740
< Struktura binarniho stromu:
< 
<   +-[11051; 'foo',]
<      |
<      |  +-[1887; 'id2',]
<      |  |
<      +-[1886; 'id1',]
< 
< =================================================
3012,3013d1751
<     id1 := 0
<     id2 := 0
3017,3019d1754
< func main(){
< 
< }
3023,3031d1757
< Struktura binarniho stromu:
< 
<   +-[11051; 'foo',]
<      |
<      |  +-[1887; 'id2',]
<      |  |
<      +-[1886; 'id1',]
< 
< =================================================
3043,3044d1768
<     id1 := 0
<     id2 := 0
3049,3052d1772
< func main(){
< 
< }
< 
3055,3063d1774
< Struktura binarniho stromu:
< 
<   +-[11051; 'foo',]
<      |
<      |  +-[1887; 'id2',]
<      |  |
<      +-[1886; 'id1',]
< 
< =================================================
3075,3076d1785
<     id1 := 0
<     id2 := 1
3080,3082d1788
< func main(){
< 
< }
3086,3094d1791
< Struktura binarniho stromu:
< 
<   +-[11051; 'foo',]
<      |
<      |  +-[1887; 'id2',]
<      |  |
<      +-[1886; 'id1',]
< 
< =================================================
3106c1803
<     id1 := 
---
>     id1 = 
3109,3111d1805
< func main(){
< 
< }
3115,3121d1808
< Struktura binarniho stromu:
< 
<   +-[11051; 'foo',]
<      |
<      +-[1886; 'id1',]
< 
< =================================================
3133,3138c1820,1821
<     id1 := 1+1 }
< 
< func main(){
< 
< }
< 
---
>     id1 = 1+1 }
>     
3141,3147d1823
< Struktura binarniho stromu:
< 
<   +-[11051; 'foo',]
<      |
<      +-[1886; 'id1',]
< 
< =================================================
3159,3163c1835
<     id1 := 1+1
< }
< 
< func main(){
< 
---
>     id1 = 1+1
3166d1837
< 
3169,3177d1839
< Struktura binarniho stromu:
< 
<   +-[11051; 'foo',]
<      |
<      |  +-[9204; 'main',]
<      |  |
<      +-[1886; 'id1',]
< 
< =================================================
3189,3192d1850
<     id1  :=0
<     id2 := 0
<     id3 := 0
<     id4 := 0
3196,3198d1853
< func main(){
< 
< }
3202,3214d1856
< Struktura binarniho stromu:
< 
<   +-[11051; 'foo',]
<      |
<      |        +-[1889; 'id4',]
<      |        |
<      |     +-[1888; 'id3',]
<      |     |
<      |  +-[1887; 'id2',]
<      |  |
<      +-[1886; 'id1',]
< 
< =================================================
3226,3229d1867
<     id1  :=0
<     id2 := 0
<     id3 := 0
<     id4 := 0
3233,3235d1870
< func main(){
< 
< }
3239,3251d1873
< Struktura binarniho stromu:
< 
<   +-[11051; 'foo',]
<      |
<      |        +-[1889; 'id4',]
<      |        |
<      |     +-[1888; 'id3',]
<      |     |
<      |  +-[1887; 'id2',]
<      |  |
<      +-[1886; 'id1',]
< 
< =================================================
3263,3266d1884
<     id1  :=0
<     id2 := 0
<     id3 := 0
<     id4 := 0
3270d1887
< func main(){
3272d1888
< }
3275,3287d1890
< Struktura binarniho stromu:
< 
<   +-[11051; 'foo',]
<      |
<      |        +-[1889; 'id4',]
<      |        |
<      |     +-[1888; 'id3',]
<      |     |
<      |  +-[1887; 'id2',]
<      |  |
<      +-[1886; 'id1',]
< 
< =================================================
3299,3302d1901
<     id1  :=0
<     id2 := 0
<     id3 := 0
<     id4 := 0
3304,3307d1902
< 
< func main(){
< 
< }
3311,3323d1905
< Struktura binarniho stromu:
< 
<   +-[11051; 'foo',]
<      |
<      |        +-[1889; 'id4',]
<      |        |
<      |     +-[1888; 'id3',]
<      |     |
<      |  +-[1887; 'id2',]
<      |  |
<      +-[1886; 'id1',]
< 
< =================================================
3335,3338d1916
<     id1  :=0
<     id2 := 0
<     id3 := 0
<     id4 := 0
3343,3346d1920
< func main(){
< 
< }
< 
3349,3361d1922
< Struktura binarniho stromu:
< 
<   +-[11051; 'foo',]
<      |
<      |        +-[1889; 'id4',]
<      |        |
<      |     +-[1888; 'id3',]
<      |     |
<      |  +-[1887; 'id2',]
<      |  |
<      +-[1886; 'id1',]
< 
< =================================================
3379d1939
< func main(){
3381d1940
< }
3384,3388d1942
< Struktura binarniho stromu:
< 
<   +-[11051; 'foo',]
< 
< =================================================
3406d1959
< func main(){
3408d1960
< }
3411,3415d1962
< Struktura binarniho stromu:
< 
<   +-[11051; 'foo',]
< 
< =================================================
3435d1981
< func main(){
3437d1982
< }
3440,3444d1984
< Struktura binarniho stromu:
< 
<   +-[11051; 'foo',]
< 
< =================================================
3463d2002
< func main(){
3465d2003
< }
3468,3472d2005
< Struktura binarniho stromu:
< 
<   +-[11051; 'foo',]
< 
< =================================================
3489,3491c2022
< func main(){
< 
< }
---
>     
3494,3498d2024
< Struktura binarniho stromu:
< 
<   +-[11051; 'foo',]
< 
< =================================================
3514d2039
< func main(){
3516d2040
< }
3519,3523d2042
< Struktura binarniho stromu:
< 
<   +-[11051; 'foo',]
< 
< =================================================
3539d2057
< func main(){
3541d2058
< }
3544,3548d2060
< Struktura binarniho stromu:
< 
<   +-[11051; 'foo',]
< 
< =================================================
3572d2083
< func main(){
3574d2084
< }
3577,3581d2086
< Struktura binarniho stromu:
< 
<   +-[11051; 'foo',]
< 
< =================================================
3605d2109
< func main(){
3607d2110
< }
3610,3614d2112
< Struktura binarniho stromu:
< 
<   +-[11051; 'foo',]
< 
< =================================================
3638d2135
< func main(){
3640d2136
< }
3643,3647d2138
< Struktura binarniho stromu:
< 
<   +-[11051; 'foo',]
< 
< =================================================
3671d2161
< func main(){
3673d2162
< }
3676,3680d2164
< Struktura binarniho stromu:
< 
<   +-[11051; 'foo',]
< 
< =================================================
3701d2184
< func main(){
3703d2185
< }
3706,3710d2187
< Struktura binarniho stromu:
< 
<   +-[11051; 'foo',]
< 
< =================================================
3731d2207
< func main(){
3733d2208
< }
3736,3740d2210
< Struktura binarniho stromu:
< 
<   +-[11051; 'foo',]
< 
< =================================================
3768,3770d2237
< func main(){
< 
< }
3774,3780d2240
< Struktura binarniho stromu:
< 
<   +-[11051; 'foo',]
<      |
<      +-[9204; 'main',]
< 
< =================================================
3800d2259
< func main(){
3802d2260
< }
3805,3809d2262
< Struktura binarniho stromu:
< 
<   +-[11051; 'foo',]
< 
< =================================================
3838d2290
< func main(){
3840d2291
< }
3843,3847d2293
< Struktura binarniho stromu:
< 
<   +-[11051; 'foo',]
< 
< =================================================
3876d2321
< func main(){
3878d2322
< }
3881,3885d2324
< Struktura binarniho stromu:
< 
<   +-[11051; 'foo',]
< 
< =================================================
3913,3915c2352
< func main(){
< 
< }    
---
>     
3918,3922d2354
< Struktura binarniho stromu:
< 
<   +-[11051; 'foo',]
< 
< =================================================
3934c2366
<     return jozo, jozo
---
>     return jozo
3937,3939d2368
< func main(){
< 
< }
3942,3946d2370
< Struktura binarniho stromu:
< 
<   +-[7117; 'params_misstake',]
< 
< =================================================
3961,3963d2384
< func main(){
< 
< }
3966,3970d2386
< Struktura binarniho stromu:
< 
<   +-[7117; 'params_misstake',]
< 
< =================================================
3985,3987d2400
< func main(){
< 
< }
3990,3994d2402
< Struktura binarniho stromu:
< 
<   +-[7117; 'params_misstake',]
< 
< =================================================
4009,4011d2416
< func main(){
< 
< }
4014,4018d2418
< Struktura binarniho stromu:
< 
<   +-[7117; 'params_misstake',]
< 
< =================================================
4033,4035d2432
< func main(){
< 
< }
4038,4042d2434
< Struktura binarniho stromu:
< 
<   +-[7117; 'params_misstake',]
< 
< =================================================
4057,4059d2448
< func main(){
< 
< }
4062,4066d2450
< Struktura binarniho stromu:
< 
<   +-[7117; 'params_misstake',]
< 
< =================================================
4081,4083d2464
< func main(){
< 
< }
4086,4090d2466
< Struktura binarniho stromu:
< 
<   +-[7117; 'params_misstake',]
< 
< =================================================
4105,4107d2480
< func main(){
< 
< }
4110,4114d2482
< Struktura binarniho stromu:
< 
<   +-[7117; 'params_misstake',]
< 
< =================================================
4129,4131d2496
< func main(){
< 
< }
4134,4138d2498
< Struktura binarniho stromu:
< 
<   +-[7117; 'params_misstake',]
< 
< =================================================
4153,4155d2512
< func main(){
< 
< }
4158,4162d2514
< Struktura binarniho stromu:
< 
<   +-[7117; 'params_misstake',]
< 
< =================================================
4174d2525
<     rytmusik := 0
4178,4180d2528
< func main(){
< 
< }
4183,4192c2531
< Struktura binarniho stromu:
< 
<      +-[5215; 'rytmusik',]
<      |
<   +-[2116; 'return_value_misstake',]
<      |
<      +-[1250; 'jozo',]
< 
< =================================================
< EXIT CODE JE : --------------------------------------------------------------------3
---
> EXIT CODE JE : --------------------------------------------------------------------2
4205d2543
< func main(){
4207d2544
< }
4210,4216d2546
< Struktura binarniho stromu:
< 
<   +-[2116; 'return_value_misstake',]
<      |
<      +-[1250; 'jozo',]
< 
< =================================================
4233,4239d2562
< Struktura binarniho stromu:
< 
<   +-[2116; 'return_value_misstake',]
<      |
<      +-[1250; 'jozo',]
< 
< =================================================
4256,4262d2578
< Struktura binarniho stromu:
< 
<   +-[2116; 'return_value_misstake',]
<      |
<      +-[1250; 'jozo',]
< 
< =================================================
4279,4283d2594
< Struktura binarniho stromu:
< 
<   +-[2116; 'return_value_misstake',]
< 
< =================================================
4300,4304d2610
< Struktura binarniho stromu:
< 
<   +-[2116; 'return_value_misstake',]
< 
< =================================================
4321,4325d2626
< Struktura binarniho stromu:
< 
<   +-[2116; 'return_value_misstake',]
< 
< =================================================
4342,4346d2642
< Struktura binarniho stromu:
< 
<   +-[2116; 'return_value_misstake',]
< 
< =================================================
4363,4367d2658
< Struktura binarniho stromu:
< 
<   +-[2116; 'return_value_misstake',]
< 
< =================================================
4384,4388d2674
< Struktura binarniho stromu:
< 
<   +-[2116; 'return_value_misstake',]
< 
< =================================================
4406,4412d2691
< Struktura binarniho stromu:
< 
<      +-[9572; 'a',]
<      |
<   +-[7281; 'for_mistake',]
< 
< =================================================
4430,4437c2709
< Struktura binarniho stromu:
< 
<      +-[9572; 'a',]
<      |
<   +-[7281; 'for_mistake',]
< 
< =================================================
< EXIT CODE JE : --------------------------------------------------------------------3
---
> EXIT CODE JE : --------------------------------------------------------------------2
4454,4458d2725
< Struktura binarniho stromu:
< 
<   +-[7281; 'for_mistake',]
< 
< =================================================
4476,4483c2743
< Struktura binarniho stromu:
< 
<      +-[9572; 'a',]
<      |
<   +-[7281; 'for_mistake',]
< 
< =================================================
< EXIT CODE JE : --------------------------------------------------------------------3
---
> EXIT CODE JE : --------------------------------------------------------------------2
4500,4506d2759
< Struktura binarniho stromu:
< 
<      +-[9572; 'a',]
<      |
<   +-[7281; 'for_mistake',]
< 
< =================================================
4524,4530d2776
< Struktura binarniho stromu:
< 
<      +-[9572; 'a',]
<      |
<   +-[7281; 'for_mistake',]
< 
< =================================================
4548,4555c2794
< Struktura binarniho stromu:
< 
<      +-[9572; 'a',]
<      |
<   +-[7281; 'for_mistake',]
< 
< =================================================
< EXIT CODE JE : --------------------------------------------------------------------3
---
> EXIT CODE JE : --------------------------------------------------------------------2
4572,4578d2810
< Struktura binarniho stromu:
< 
<      +-[9572; 'a',]
<      |
<   +-[7281; 'for_mistake',]
< 
< =================================================
4596,4602d2827
< Struktura binarniho stromu:
< 
<      +-[9572; 'a',]
<      |
<   +-[7281; 'for_mistake',]
< 
< =================================================
4620,4627c2845
< Struktura binarniho stromu:
< 
<      +-[9572; 'a',]
<      |
<   +-[7281; 'for_mistake',]
< 
< =================================================
< EXIT CODE JE : --------------------------------------------------------------------3
---
> EXIT CODE JE : --------------------------------------------------------------------2
4641,4644d2858
< func main() {
< 
< }
< 
4647,4651d2860
< Struktura binarniho stromu:
< 
<   +-[11051; 'foo',]
< 
< =================================================
4667,4670d2875
< func main() {
< 
< }
< 
4673,4678c2878
< Struktura binarniho stromu:
< 
<   +-[11051; 'foo',]
< 
< =================================================
< EXIT CODE JE : --------------------------------------------------------------------3
---
> EXIT CODE JE : --------------------------------------------------------------------2
4691,4694d2890
< func main() {
< 
< }
< 
4697,4701d2892
< Struktura binarniho stromu:
< 
<   +-[11051; 'foo',]
< 
< =================================================
4716,4719d2906
< func main() {
< 
< }
< 
4722,4726d2908
< Struktura binarniho stromu:
< 
<   +-[11051; 'foo',]
< 
< =================================================
4746,4750d2927
< Struktura binarniho stromu:
< 
< strom je prazdny
< 
< =================================================
4770,4774d2946
< Struktura binarniho stromu:
< 
<   +-[1650; 'alpha',]
< 
< =================================================
4790,4794d2961
< Struktura binarniho stromu:
< 
<   +-[9204; 'main',]
< 
< =================================================
4812,4816d2978
< Struktura binarniho stromu:
< 
<   +-[9204; 'main',]
< 
< =================================================
4838,4842d2999
< Struktura binarniho stromu:
< 
<   +-[1650; 'alpha',]
< 
< =================================================
4862,4866d3018
< Struktura binarniho stromu:
< 
< strom je prazdny
< 
< =================================================
4882,4886d3033
< Struktura binarniho stromu:
< 
<   +-[9204; 'main',]
< 
< =================================================
4905,4909d3051
< Struktura binarniho stromu:
< 
<   +-[9204; 'main',]
< 
< =================================================
4928,4932d3069
< Struktura binarniho stromu:
< 
<   +-[9204; 'main',]
< 
< =================================================
4949,4953d3085
< Struktura binarniho stromu:
< 
<   +-[9204; 'main',]
< 
< =================================================
4970,4974d3101
< Struktura binarniho stromu:
< 
<   +-[9204; 'main',]
< 
< =================================================
4994,5000d3120
< Struktura binarniho stromu:
< 
<      +-[9204; 'main',]
<      |
<   +-[1650; 'alpha',]
< 
< =================================================
5020,5024d3139
< Struktura binarniho stromu:
< 
<   +-[1650; 'alpha',]
< 
< =================================================
5044,5048d3158
< Struktura binarniho stromu:
< 
<   +-[1650; 'alpha',]
< 
< =================================================
5068,5072d3177
< Struktura binarniho stromu:
< 
<   +-[1650; 'alpha',]
< 
< =================================================
5092,5096d3196
< Struktura binarniho stromu:
< 
<   +-[1650; 'alpha',]
< 
< =================================================
5115,5121d3214
< Struktura binarniho stromu:
< 
<      +-[9204; 'main',]
<      |
<   +-[1650; 'alpha',]
< 
< =================================================
5141,5145d3233
< Struktura binarniho stromu:
< 
<   +-[1650; 'alpha',]
< 
< =================================================
5165,5169d3252
< Struktura binarniho stromu:
< 
<   +-[1650; 'alpha',]
< 
< =================================================
5189,5195d3271
< Struktura binarniho stromu:
< 
<      +-[9204; 'main',]
<      |
<   +-[1650; 'alpha',]
< 
< =================================================
5215,5219d3290
< Struktura binarniho stromu:
< 
<   +-[1650; 'alpha',]
< 
< =================================================
5235,5239d3305
< Struktura binarniho stromu:
< 
<   +-[9204; 'main',]
< 
< =================================================
5259,5267d3324
< Struktura binarniho stromu:
< 
<         +-[9573; 'b',]
<         |
<      +-[9572; 'a',]
<      |
<   +-[9204; 'main',]
< 
< =================================================
5287,5295d3343
< Struktura binarniho stromu:
< 
<         +-[9573; 'b',]
<         |
<      +-[9572; 'a',]
<      |
<   +-[9204; 'main',]
< 
< =================================================
5314,5320d3361
< Struktura binarniho stromu:
< 
<      +-[9572; 'a',]
<      |
<   +-[9204; 'main',]
< 
< =================================================
5339,5345d3379
< Struktura binarniho stromu:
< 
<      +-[9572; 'a',]
<      |
<   +-[9204; 'main',]
< 
< =================================================
5364,5370d3397
< Struktura binarniho stromu:
< 
<      +-[9572; 'a',]
<      |
<   +-[9204; 'main',]
< 
< =================================================
5392,5400d3418
< Struktura binarniho stromu:
< 
<         +-[9572; 'a',]
<         |
<      +-[9204; 'main',]
<      |
<   +-[1650; 'alpha',]
< 
< =================================================
5421,5427d3438
< Struktura binarniho stromu:
< 
<      +-[9204; 'main',]
<      |
<   +-[1650; 'alpha',]
< 
< =================================================
5452,5462d3462
< Struktura binarniho stromu:
< 
<            +-[9573; 'b',]
<            |
<         +-[9572; 'a',]
<         |
<      +-[9204; 'main',]
<      |
<   +-[1650; 'alpha',]
< 
< =================================================
5485,5493d3484
< Struktura binarniho stromu:
< 
<         +-[9572; 'a',]
<         |
<      +-[9204; 'main',]
<      |
<   +-[1650; 'alpha',]
< 
< =================================================
5515,5521d3505
< Struktura binarniho stromu:
< 
<      +-[9204; 'main',]
<      |
<   +-[1650; 'alpha',]
< 
< =================================================
5541,5547d3524
< Struktura binarniho stromu:
< 
<      +-[9204; 'main',]
<      |
<   +-[1650; 'alpha',]
< 
< =================================================
5569,5573d3545
< Struktura binarniho stromu:
< 
<   +-[1650; 'alpha',]
< 
< =================================================
5593,5599d3564
< Struktura binarniho stromu:
< 
<      +-[9204; 'main',]
<      |
<   +-[1650; 'alpha',]
< 
< =================================================
5617,5623d3581
< Struktura binarniho stromu:
< 
<      +-[9572; 'a',]
<      |
<   +-[9204; 'main',]
< 
< =================================================
5641,5645d3598
< Struktura binarniho stromu:
< 
<   +-[9204; 'main',]
< 
< =================================================
5661,5667d3613
< Struktura binarniho stromu:
< 
<      +-[9572; 'a',]
<      |
<   +-[9204; 'main',]
< 
< =================================================
5686,5693c3632
< Struktura binarniho stromu:
< 
<      +-[9572; 'a',]
<      |
<   +-[9204; 'main',]
< 
< =================================================
< EXIT CODE JE : --------------------------------------------------------------------3
---
> EXIT CODE JE : --------------------------------------------------------------------0
5712,5718d3650
< Struktura binarniho stromu:
< 
<      +-[9572; 'a',]
<      |
<   +-[9204; 'main',]
< 
< =================================================
5738,5744d3669
< Struktura binarniho stromu:
< 
<      +-[9572; 'a',]
<      |
<   +-[9204; 'main',]
< 
< =================================================
5762,5769c3687
< Struktura binarniho stromu:
< 
<      +-[9572; 'a',]
<      |
<   +-[9204; 'main',]
< 
< =================================================
< EXIT CODE JE : --------------------------------------------------------------------3
---
> EXIT CODE JE : --------------------------------------------------------------------0
5786,5793c3704
< Struktura binarniho stromu:
< 
<      +-[9572; 'a',]
<      |
<   +-[9204; 'main',]
< 
< =================================================
< EXIT CODE JE : --------------------------------------------------------------------3
---
> EXIT CODE JE : --------------------------------------------------------------------0
5811,5815d3721
< Struktura binarniho stromu:
< 
<   +-[9204; 'main',]
< 
< =================================================
5835,5839d3740
< Struktura binarniho stromu:
< 
<   +-[9204; 'main',]
< 
< =================================================
5857,5861d3757
< Struktura binarniho stromu:
< 
<   +-[9204; 'main',]
< 
< =================================================
5880,5884d3775
< Struktura binarniho stromu:
< 
<   +-[9204; 'main',]
< 
< =================================================
5902,5906d3792
< Struktura binarniho stromu:
< 
<   +-[9204; 'main',]
< 
< =================================================
5926,5930d3811
< Struktura binarniho stromu:
< 
<   +-[9204; 'main',]
< 
< =================================================
5953,5957d3833
< Struktura binarniho stromu:
< 
<   +-[9204; 'main',]
< 
< =================================================
5976,5980d3851
< Struktura binarniho stromu:
< 
<   +-[9204; 'main',]
< 
< =================================================
5999,6003d3869
< Struktura binarniho stromu:
< 
<   +-[9204; 'main',]
< 
< =================================================
6023,6027d3888
< Struktura binarniho stromu:
< 
<   +-[9204; 'main',]
< 
< =================================================
6047,6051d3907
< Struktura binarniho stromu:
< 
<   +-[9204; 'main',]
< 
< =================================================
6070,6074d3925
< Struktura binarniho stromu:
< 
<   +-[9204; 'main',]
< 
< =================================================
6110,6116d3960
< Struktura binarniho stromu:
< 
<      +-[9572; 'a',]
<      |
<   +-[9204; 'main',]
< 
< =================================================
6134,6140d3977
< Struktura binarniho stromu:
< 
<      +-[9572; 'a',]
<      |
<   +-[9204; 'main',]
< 
< =================================================
6160,6166d3996
< Struktura binarniho stromu:
< 
<      +-[9204; 'main',]
<      |
<   +-[1650; 'alpha',]
< 
< =================================================
6183,6187d4012
< Struktura binarniho stromu:
< 
<   +-[9204; 'main',]
< 
< =================================================
6202,6206d4026
< Struktura binarniho stromu:
< 
< strom je prazdny
< 
< =================================================
6223,6227d4042
< Struktura binarniho stromu:
< 
< strom je prazdny
< 
< =================================================
6252,6256d4066
< Struktura binarniho stromu:
< 
<   +-[9204; 'main',]
< 
< =================================================
6281,6291d4090
< Struktura binarniho stromu:
< 
<            +-[9204; 'main',]
<            |
<         +-[3928; 'ef',]
<         |
<      +-[3860; 'cd',]
<      |
<   +-[3792; 'ab',]
< 
< =================================================
6310,6314d4108
< Struktura binarniho stromu:
< 
< strom je prazdny
< 
< =================================================
6329,6333d4122
< Struktura binarniho stromu:
< 
<   +-[9204; 'main',]
< 
< =================================================
6347,6351d4135
< Struktura binarniho stromu:
< 
< strom je prazdny
< 
< =================================================
6366,6370d4149
< Struktura binarniho stromu:
< 
< strom je prazdny
< 
< =================================================
6392,6396d4170
< Struktura binarniho stromu:
< 
<   +-[9204; 'main',]
< 
< =================================================
6406,6438c4180
< 
< 
< 
< func kkt (ab string,bc int){
< 
< }
< 
< 
< func tmp (ab string,bc int){
<     al := 0
<     jebo := 0
<     al = jozko()
<     if al != 1{
< 
<     }else {
<         if 1 == 2{
<             return "kkt"
<         } else {
<             c := 2
<         }
<         kkt := jebo
<     }
<     return 1, 2, "chod dopici"
< }
< 
< 
< 
< 
< func jozko(b int)(string){
<     jebem := 0
<     ahoj := 1
<     mnam := 2
<     tri := 0
---
> func jozko(a int, b string)(string){
6445c4187
<     for as := kkt; as < 190; as = as + 1{
---
>     for a := kkt; a < 190; a = 1{
6456,6458c4198,4200
< -------------------------------------------------------
< koniec suboru
< Struktura binarniho stromu:
---
> func foo (){
>     a = jozko()
>     if a != 1{
6460,6466c4202,4211
<   +-[4362; 'kkt',]
<      |
<      |  +-[3802; 'al',]
<      |  |
<      +-[2218; 'tmp',]
<         |
<         +-[1575; 'jebo',]
---
>     }else {
>         if 1 == 2{
>             return "kkt"
>         } else {
>             c := 2
>         }
>         kkt = jebo
>     }
>     return 1, 2, "chod dopici"
> }
6468,6469c4213,4215
< =================================================
< EXIT CODE JE : --------------------------------------------------------------------3
---
> -------------------------------------------------------
> koniec suboru
> EXIT CODE JE : --------------------------------------------------------------------0
6478,6488c4224
< 
< func kkt (ab string,bc int){
< 
< }
< 
< 
< func jozko(b int)(string){
<     jebem := 0
<     ahoj := 0
<     mnam := 0
<     tri := 0
---
> func jozko(a int, b string)(string){
6495c4231
<     for ak := kkt; ak < 190; ak = 1{
---
>     for a := kkt; a < 190; a = 1{
6507,6510c4243,4244
<     ap := 0
<     jebo := 0
<     ap = jozko()
<     if ap != 1{
---
>     a = jozko()
>     if a != 1{
6518c4252
<         kkt := jebo
---
>         kkt = jebo
6525,6544c4259
< Struktura binarniho stromu:
< 
<      +-[11467; 'jozko',]
<      |  |
<      |  |  +-[11089; 'mnam',]
<      |  |  |
<      |  +-[9985; 'jebem',]
<      |     |
<      |     |  +-[9572; 'a',]
<      |     |  |
<      |     +-[6022; 'ahoj',]
<      |
<   +-[4362; 'kkt',]
<      |
<      |  +-[3801; 'ak',]
<      |  |
<      +-[2376; 'tri',]
< 
< =================================================
< EXIT CODE JE : --------------------------------------------------------------------3
---
> EXIT CODE JE : --------------------------------------------------------------------0
6553,6564c4268
< 
< 
< func kkt (ab string,bc int){
< 
< }
< 
< 
< func jozko(b int)(string){
<     jebem := 0
<     ahoj := 0
<     mnam := 0
<     tri := 0
---
> func jozko(a int, b string)(string){
6571c4275
<     for az := kkt; az < 190; az = 1{
---
>     for a := kkt; a < 190; a = 1{
6583,6586c4287,4288
<     ad := 0
<     jebo := 0
<     ad = jozko()
<     if ad != 1{
---
>     a = jozko()
>     if a != 1{
6594c4296
<         kkt := jebo
---
>         kkt = jebo
6601,6620c4303
< Struktura binarniho stromu:
< 
<      +-[11467; 'jozko',]
<      |  |
<      |  |  +-[11089; 'mnam',]
<      |  |  |
<      |  +-[9985; 'jebem',]
<      |     |
<      |     |  +-[9572; 'a',]
<      |     |  |
<      |     +-[6022; 'ahoj',]
<      |
<   +-[4362; 'kkt',]
<      |
<      |  +-[3816; 'az',]
<      |  |
<      +-[2376; 'tri',]
< 
< =================================================
< EXIT CODE JE : --------------------------------------------------------------------3
---
> EXIT CODE JE : --------------------------------------------------------------------0
